<?xml version="1.0" encoding="UTF-8"?>
<testsuite xmlns:xsi="http://www.w3.org/2001/XMLSchema-instance" xsi:noNamespaceSchemaLocation="https://maven.apache.org/surefire/maven-surefire-plugin/xsd/surefire-test-report.xsd" name="com.example.AppTest" time="0.02" tests="1" errors="0" skipped="0" failures="0">
  <properties>
    <property name="java.specification.version" value="22"/>
    <property name="sun.cpu.isalist" value="amd64"/>
    <property name="sun.jnu.encoding" value="Cp1252"/>
    <property name="java.class.path" value="C:\Users\supi0\Desktop\DevOpsLab\DevOps_4\demo-maven-project\target\test-classes;C:\Users\supi0\Desktop\DevOpsLab\DevOps_4\demo-maven-project\target\classes;C:\Users\supi0\.m2\repository\junit\junit\4.11\junit-4.11.jar;C:\Users\supi0\.m2\repository\org\hamcrest\hamcrest-core\1.3\hamcrest-core-1.3.jar;"/>
    <property name="java.vm.vendor" value="Oracle Corporation"/>
    <property name="sun.arch.data.model" value="64"/>
    <property name="user.variant" value=""/>
    <property name="java.vendor.url" value="https://java.oracle.com/"/>
    <property name="user.timezone" value="Asia/Calcutta"/>
    <property name="os.name" value="Windows 11"/>
    <property name="java.vm.specification.version" value="22"/>
    <property name="sun.java.launcher" value="SUN_STANDARD"/>
    <property name="user.country" value="IN"/>
    <property name="sun.boot.library.path" value="C:\Program Files\Java\jdk-22\bin"/>
    <property name="sun.java.command" value="C:\Users\supi0\AppData\Local\Temp\surefire6994385713181234469\surefirebooter6095488276620441270.jar C:\Users\supi0\AppData\Local\Temp\surefire6994385713181234469 2025-09-06T14-45-49_757-jvmRun1 surefire8776239668130830418tmp surefire_010979768748740126064tmp"/>
    <property name="jdk.debug" value="release"/>
    <property name="surefire.test.class.path" value="C:\Users\supi0\Desktop\DevOpsLab\DevOps_4\demo-maven-project\target\test-classes;C:\Users\supi0\Desktop\DevOpsLab\DevOps_4\demo-maven-project\target\classes;C:\Users\supi0\.m2\repository\junit\junit\4.11\junit-4.11.jar;C:\Users\supi0\.m2\repository\org\hamcrest\hamcrest-core\1.3\hamcrest-core-1.3.jar;"/>
    <property name="sun.cpu.endian" value="little"/>
    <property name="user.home" value="C:\Users\supi0"/>
    <property name="user.language" value="en"/>
    <property name="java.specification.vendor" value="Oracle Corporation"/>
    <property name="java.version.date" value="2024-04-16"/>
    <property name="java.home" value="C:\Program Files\Java\jdk-22"/>
    <property name="file.separator" value="\"/>
    <property name="basedir" value="C:\Users\supi0\Desktop\DevOpsLab\DevOps_4\demo-maven-project"/>
    <property name="java.vm.compressedOopsMode" value="Zero based"/>
    <property name="line.separator" value="&#10;"/>
    <property name="java.vm.specification.vendor" value="Oracle Corporation"/>
    <property name="java.specification.name" value="Java Platform API Specification"/>
    <property name="surefire.real.class.path" value="C:\Users\supi0\AppData\Local\Temp\surefire6994385713181234469\surefirebooter6095488276620441270.jar"/>
    <property name="user.script" value=""/>
    <property name="sun.management.compiler" value="HotSpot 64-Bit Tiered Compilers"/>
    <property name="java.runtime.version" value="22.0.1+8-16"/>
    <property name="user.name" value="supi0"/>
    <property name="stdout.encoding" value="Cp1252"/>
    <property name="path.separator" value=";"/>
    <property name="os.version" value="10.0"/>
    <property name="java.runtime.name" value="Java(TM) SE Runtime Environment"/>
    <property name="file.encoding" value="UTF-8"/>
    <property name="java.vm.name" value="Java HotSpot(TM) 64-Bit Server VM"/>
    <property name="localRepository" value="C:\Users\supi0\.m2\repository"/>
    <property name="java.vendor.url.bug" value="https://bugreport.java.com/bugreport/"/>
    <property name="java.io.tmpdir" value="C:\Users\supi0\AppData\Local\Temp\"/>
    <property name="java.version" value="22.0.1"/>
    <property name="user.dir" value="C:\Users\supi0\Desktop\DevOpsLab\DevOps_4\demo-maven-project"/>
    <property name="os.arch" value="amd64"/>
    <property name="java.vm.specification.name" value="Java Virtual Machine Specification"/>
    <property name="sun.os.patch.level" value=""/>
    <property name="native.encoding" value="Cp1252"/>
    <property name="java.library.path" value="C:\Program Files\Java\jdk-22\bin;C:\WINDOWS\Sun\Java\bin;C:\WINDOWS\system32;C:\WINDOWS;C:\Users\supi0\Anaconda;C:\Users\supi0\Anaconda\Library\mingw-w64\bin;C:\Users\supi0\Anaconda\Library\usr\bin;C:\Users\supi0\Anaconda\Library\bin;C:\Users\supi0\Anaconda\Scripts;C:\Users\supi0\Anaconda\bin;C:\Users\supi0\Anaconda\condabin;C:\Program Files\Common Files\Oracle\Java\javapath;C:\WINDOWS\system32;C:\WINDOWS;C:\WINDOWS\System32\Wbem;C:\WINDOWS\System32\WindowsPowerShell\v1.0;C:\WINDOWS\System32\OpenSSH;C:\Program Files\Git\cmd;C:\Program Files\Git;C:\Users\supi0\AppData\Local\Packages\PythonSoftwareFoundation.Python.3.11_qbz5n2kfra8p0\LocalCache\local-packages\Python311\Scripts).;C:\Program Files\Docker\Docker\resources\bin;C:\Program Files\spark-4.0.0-bin-hadoop3\bin;C:\Program Files\nodejs;C:\Users\supi0\AppData\Local\Microsoft\WindowsApps;C:\Users\supi0\AppData\Local\Programs\Microsoft VS Code\bin;C:\MinGW\bin;C:\Users\supi0\AppData\Local\GitHubDesktop\bin;C:\Program Files (x86)\Nmap;C:\Program Files\Hadoop\bin;C:\Users\supi0\Anaconda;C:\Users\supi0\Anaconda\Scripts;C:\Users\supi0\Anaconda\Library\bin;C:\Users\supi0\AppData\Roaming\npm;C:\Program Files\Apache\apache-maven-3.9.11\bin;.;."/>
    <property name="java.vm.info" value="mixed mode, sharing"/>
    <property name="stderr.encoding" value="Cp1252"/>
    <property name="java.vendor" value="Oracle Corporation"/>
    <property name="java.vm.version" value="22.0.1+8-16"/>
    <property name="sun.io.unicode.encoding" value="UnicodeLittle"/>
    <property name="java.class.version" value="66.0"/>
  </properties>
  <testcase name="shouldAnswerWithTrue" classname="com.example.AppTest" time="0"/>
</testsuite>